[debug] [2022-12-19T14:24:01.921Z] ----------------------------------------------------------------------
[debug] [2022-12-19T14:24:01.926Z] Command:       C:\Program Files\nodejs\node.exe C:\Users\BoltDock\AppData\Roaming\npm\node_modules\firebase-tools\lib\bin\firebase.js init
[debug] [2022-12-19T14:24:01.927Z] CLI Version:   11.18.0
[debug] [2022-12-19T14:24:01.928Z] Platform:      win32
[debug] [2022-12-19T14:24:01.928Z] Node Version:  v16.16.0
[debug] [2022-12-19T14:24:01.930Z] Time:          Mon Dec 19 2022 19:54:01 GMT+0530 (India Standard Time)
[debug] [2022-12-19T14:24:01.931Z] ----------------------------------------------------------------------
[debug] 
[debug] [2022-12-19T14:24:02.176Z] > command requires scopes: ["email","openid","https://www.googleapis.com/auth/cloudplatformprojects.readonly","https://www.googleapis.com/auth/firebase","https://www.googleapis.com/auth/cloud-platform"]
[debug] [2022-12-19T14:24:02.178Z] > authorizing via signed-in user (lazimlatheef@gmail.com)
[info] 
     ######## #### ########  ######## ########     ###     ######  ########
     ##        ##  ##     ## ##       ##     ##  ##   ##  ##       ##
     ######    ##  ########  ######   ########  #########  ######  ######
     ##        ##  ##    ##  ##       ##     ## ##     ##       ## ##
     ##       #### ##     ## ######## ########  ##     ##  ######  ########

You're about to initialize a Firebase project in this directory:

  C:\Users\BoltDock\Desktop\papa react\linkedin-clone

Before we get started, keep in mind:

  * You are initializing within an existing Firebase project directory

[info] 
=== Project Setup
[info] 
[info] First, let's associate this project directory with a Firebase project.
[info] You can create multiple project aliases by running firebase use --add, 
[info] but for now we'll just set up a default project.
[info] 
[debug] [2022-12-19T14:51:33.709Z] Using project from CLI flag: linkedin-clone-react-23173
[debug] [2022-12-19T14:51:33.711Z] > refreshing access token with scopes: []
[debug] [2022-12-19T14:51:33.714Z] >>> [apiv2][query] POST https://www.googleapis.com/oauth2/v3/token [none]
[debug] [2022-12-19T14:51:33.715Z] >>> [apiv2][body] POST https://www.googleapis.com/oauth2/v3/token [omitted]
[debug] [2022-12-19T14:51:35.552Z] <<< [apiv2][status] POST https://www.googleapis.com/oauth2/v3/token 200
[debug] [2022-12-19T14:51:35.552Z] <<< [apiv2][body] POST https://www.googleapis.com/oauth2/v3/token [omitted]
[debug] [2022-12-19T14:51:35.571Z] >>> [apiv2][query] GET https://firebase.googleapis.com/v1beta1/projects/linkedin-clone-react-23173 [none]
[debug] [2022-12-19T14:51:46.618Z] <<< [apiv2][status] GET https://firebase.googleapis.com/v1beta1/projects/linkedin-clone-react-23173 200
[debug] [2022-12-19T14:51:46.619Z] <<< [apiv2][body] GET https://firebase.googleapis.com/v1beta1/projects/linkedin-clone-react-23173 {"projectId":"linkedin-clone-react-23173","projectNumber":"256486034288","displayName":"linkedin-clone-react","name":"projects/linkedin-clone-react-23173","resources":{"hostingSite":"linkedin-clone-react-23173"},"state":"ACTIVE","etag":"1_604e4f37-30e3-4d3f-8063-317a36a284ad"}
[info] i  Using project linkedin-clone-react-23173 (linkedin-clone-react) 
[info] 
=== Hosting Setup
[info] 
[info] Your public directory is the folder (relative to your project directory) that
[info] will contain Hosting assets to be uploaded with firebase deploy. If you
[info] have a build process for your assets, use your build's output directory.
[info] 
